Instalando setup-2.5.58-4.el5.noarch
warning: setup-2.5.58-4.el5: Header V3 DSA signature: NOKEY, key ID e8562897
Instalando filesystem-2.4.0-2.el5.centos.i386
Instalando mailcap-2.1.23-1.fc6.noarch
Instalando basesystem-8.0-5.1.1.el5.centos.noarch
Instalando tzdata-2008i-1.el5.noarch
Instalando glibc-common-2.5-34.i386
Instalando cracklib-dicts-2.8.9-3.3.i386
Instalando gnome-mime-data-2.4.2-3.1.i386
Instalando nash-5.1.19.6-44.i386
Instalando iso-codes-0.53-1.noarch
Instalando comps-extras-11.1-1.1.el5.centos.noarch
Instalando xkeyboard-config-0.8-7.fc6.noarch
Instalando rmt-0.4b41-2.fc6.i386
Instalando desktop-backgrounds-basic-2.0-41.el5.centos.noarch
Instalando centos-release-notes-5.3-3.i386
Instalando 1:termcap-5.5-1.20060701.1.noarch
Instalando libgcc-4.1.2-44.el5.i386
Instalando dump-0.4b41-2.fc6.i386
Instalando gnome-audio-2.0.0-3.1.1.noarch
Instalando gnome-backgrounds-2.15.92-1.fc6.noarch
Instalando man-pages-es-1.28-10.1.1.noarch
Instalando specspo-13-1.el5.centos.noarch
Instalando man-pages-2.39-12.el5.noarch
Instalando words-3.0-9.1.noarch
Instalando gnu-efi-3.0c-1.1.i386
Instalando rootfiles-8.1-1.1.1.noarch
Instalando glibc-2.5-34.i686
Instalando zlib-1.2.3-3.i386
Instalando glib2-2.12.3-2.fc6.i386
Instalando atk-1.12.2-1.fc6.i386
Instalando popt-1.10.2.3-9.el5.i386
Instalando chkconfig-1.3.30.1-2.i386
Instalando libICE-1.0.1-2.1.i386
Instalando libSM-1.0.1-3.1.i386
Instalando libart_lgpl-2.3.17-4.i386
Instalando libstdc++-4.1.2-44.el5.i386
Instalando libjpeg-6b-37.i386
Instalando 3:mktemp-1.5-23.2.2.i386
Instalando 2:libpng-1.2.10-7.1.el5_0.1.i386
Instalando audit-libs-1.7.7-6.el5.i386
Instalando libusb-0.1.12-5.1.i386
Instalando expat-1.95.8-8.2.1.i386
Instalando db4-4.3.29-9.fc6.i386
Instalando cyrus-sasl-lib-2.1.22-4.i386
Instalando libtermcap-2.0.8-46.1.i386
Instalando bash-3.2-24.el5.i386
Instalando libxml2-2.6.26-2.1.2.7.i386
Instalando info-4.8-14.el5.i386
Instalando ncurses-5.5-24.20060715.i386
Instalando freetype-2.2.1-20.el5_2.i386
Instalando nspr-4.7.3-2.el5.i386
Instalando nss-3.12.2.0-2.el5.centos.i386
Instalando desktop-file-utils-0.10-7.i386
Instalando sed-4.1.5-5.fc6.i386
Instalando readline-5.1-1.1.i386
Instalando gawk-3.1.5-14.el5.i386
Instalando libsepol-1.15.2-1.el5.i386
Instalando bzip2-libs-1.0.3-4.el5_2.i386
Instalando libtiff-3.8.2-7.el5_2.2.i386
Instalando libXau-1.0.1-3.1.i386
Instalando 1:audiofile-0.2.6-5.i386
Instalando tcp_wrappers-7.6-40.6.el5.i386
Instalando libcap-1.10-26.i386
Instalando libgpg-error-1.4-2.i386
Instalando libattr-2.4.32-1.1.i386
Instalando libacl-2.2.39-3.el5.i386
Instalando libgcrypt-1.2.4-1.el5.i386
Instalando libxslt-1.1.17-2.el5_2.2.i386
Instalando gnutls-1.4.1-3.el5_2.1.i386
Instalando libidn-0.6.5-1.1.i386
Instalando 2:libogg-1.1.3-3.el5.i386
Instalando libfontenc-1.0.2-2.2.el5.i386
Instalando libexif-0.6.13-4.0.2.el5_1.1.i386
Instalando libXfont-1.2.2-1.0.3.el5_1.i386
Instalando libsoup-2.2.98-2.el5.i386
Instalando sqlite-3.3.6-2.i386
Instalando procps-3.2.7-11.1.el5.i386
Instalando diffutils-2.8.1-15.2.3.el5.i386
Instalando libXdmcp-1.0.1-2.1.i386
Instalando keyutils-libs-1.2-1.el5.i386
Instalando 1:pkgconfig-0.21-2.el5.i386
Instalando libieee1284-0.2.9-4.el5.i386
Instalando lcms-1.15-1.2.2.i386
Instalando gamin-0.1.7-8.el5.i386
Instalando pcre-6.6-2.el5_1.7.i386
Instalando grep-2.5.1-54.2.el5.i386
Instalando file-4.17-15.i386
Instalando slang-2.0.6-4.el5.i386
Instalando elfutils-libelf-0.137-3.el5.i386
Instalando libraw1394-1.3.0-1.el5.i386
Instalando libmng-1.0.9-5.1.i386
Instalando 1:libvorbis-1.1.2-3.el5_1.2.i386
Instalando iproute-2.6.18-9.el5.i386
Instalando iptables-1.3.5-4.el5.i386
Instalando tcl-8.4.13-3.fc6.i386
Instalando gmp-4.1.4-10.el5.i386
Instalando libgtop2-2.14.4-3.el5.i386
Instalando zip-2.31-2.el5.i386
Instalando gdbm-1.8.0-26.2.1.i386
Instalando 4:perl-5.8.8-18.el5.i386
Instalando 12:aspell-0.60.3-7.1.i386
Instalando perl-DBI-1.52-2.el5.i386
Instalando perl-Compress-Zlib-1.42-1.fc6.i386
Instalando hesiod-3.1.0-8.i386
Instalando php-common-5.1.6-23.el5.i386
Instalando perl-Digest-SHA1-2.11-1.2.1.i386
Instalando libavc1394-0.5.3-1.fc6.i386
Instalando flac-1.1.2-28.el5_0.1.i386
Instalando speex-1.0.5-4.el5_1.1.i386
Instalando 2:pilot-link-0.11.8-16.i386
Instalando ttmkfdir-3.0.9-23.el5.i386
Instalando less-394-5.el5.i386
Instalando gzip-1.3.5-10.el5.centos.i386
Instalando cpio-2.6-20.i386
Instalando binutils-2.17.50.0.6-9.el5.i386
Instalando m4-1.4.5-3.el5.1.i386
Instalando 1:make-3.81-3.el5.i386
Instalando shared-mime-info-0.19-5.el5.i386
Instalando cdparanoia-libs-alpha9.8-27.2.i386
Instalando procmail-3.22-17.1.el5.centos.i386
Instalando libmusicbrainz-2.1.1-4.1.i386
Instalando libIDL-0.8.7-1.fc6.i386
Instalando ORBit2-2.14.3-5.el5.i386
Instalando libbonobo-2.16.0-1.fc6.i386
Instalando 9:mkisofs-2.01-10.7.el5.i386
Instalando libsysfs-2.0.0-6.i386
Instalando mailx-8.1.1-44.2.2.i386
Instalando pcsc-lite-libs-1.4.4-0.1.el5.i386
Instalando libtool-ltdl-1.5.22-6.1.i386
Instalando libdaemon-0.10-5.el5.i386
Instalando libdrm-2.0.2-1.1.i386
Instalando libdv-0.104-4.fc6.1.i386
Instalando liboil-0.3.8-2.1.i386
Instalando dvd+rw-tools-7.0-0.el5.3.i386
Instalando cdparanoia-alpha9.8-27.2.i386
Instalando perl-String-CRC32-1.4-2.fc6.i386
Instalando psutils-1.17-26.1.i386
Instalando perl-BSD-Resource-1.28-1.fc6.1.i386
Instalando festival-1.95-5.2.1.i386
Instalando gnome-speech-0.4.5-1.fc6.i386
Instalando perl-Socket6-0.19-3.fc6.i386
Instalando iptables-ipv6-1.3.5-4.el5.i386
Instalando libiec61883-1.0.0-11.fc6.i386
Instalando bc-1.06-21.i386
Instalando libtheora-1.0alpha7-1.i386
Instalando bzip2-1.0.3-4.el5_2.i386
Instalando 2:vim-common-7.0.109-4.el5_2.4z.i386
Instalando nss-tools-3.12.2.0-2.el5.centos.i386
Instalando ed-0.2-39.el5_2.i386
Instalando gpm-1.20.1-74.1.i386
Instalando time-1.7-27.2.2.i386
Instalando groff-1.18.1.1-11.1.i386
Instalando cpp-4.1.2-44.el5.i386
Instalando libcroco-0.6.1-2.1.i386
Instalando iputils-20020927-45.el5.i386
Instalando 9:cdrecord-2.01-10.7.el5.i386
Instalando cdrdao-1.2.1-2.i386
Instalando libicu-3.6-5.11.1.i386
Instalando gstreamer-tools-0.10.20-3.el5.i386
Instalando dosfstools-2.11-7.el5.i386
Instalando pax-3.4-1.2.2.i386
Instalando 1:wireless-tools-28-2.el5.i386
Instalando setarch-2.0-1.1.i386
Instalando eject-2.1.5-4.2.el5.i386
Instalando unixODBC-2.2.11-7.1.i386
Instalando libFS-1.0.0-3.1.i386
Instalando brlapi-0.4.1-1.fc6.1.i386
Instalando libevent-1.1a-3.2.1.i386
Instalando ethtool-6-2.el5.i386
Instalando mingetty-1.07-5.2.2.i386
Instalando checkpolicy-1.33.1-4.el5.i386
Instalando bluez-libs-3.7-1.1.i386
Instalando inews-2.4.3-8.el5.i386
Instalando netpbm-10.35-6.fc6.i386
Instalando libvolume_id-095-14.19.el5.i386
Instalando 1:dmidecode-2.7-1.28.2.el5.i386
Instalando libdbi-0.8.1-2.1.i386
Instalando patch-2.5.4-29.2.3.el5.i386
Instalando sysfsutils-2.0.0-6.i386
Instalando crash-4.0-7.2.3.el5.centos.i386
Instalando numactl-0.9.8-7.el5.i386
Instalando fbset-2.1-22.i386
Instalando enscript-1.6.4-4.1.1.el5_2.i386
Instalando iptstate-1.4-1.1.2.2.i386
Instalando dcraw-0.0.20060521-1.1.i386
Instalando jwhois-3.2.3-8.el5.i386
Instalando acl-2.2.39-3.el5.i386
Instalando rsync-2.6.8-3.1.i386
Instalando attr-2.4.32-1.1.i386
Instalando udftools-1.0.0b3-0.1.el5.i386
Instalando ftp-0.17-35.el5.i386
Instalando nano-1.3.12-1.1.i386
Instalando 2:mtr-0.71-3.1.i386
Instalando 1:telnet-0.17-39.el5.i386
Instalando talk-0.17-29.2.2.i386
Instalando mgetty-1.1.33-9.fc6.i386
Instalando unzip-5.52-3.el5.i386
Instalando ibmasm-3.0-9.i386
Instalando 1:cpuspeed-1.2.1-5.el5.i386
Instalando nc-1.84-10.fc6.i386
Instalando rwho-0.17-26.i386
Instalando cyrus-sasl-plain-2.1.22-4.i386
Instalando lrzsz-0.12.20-22.1.i386
Instalando libhugetlbfs-1.3-3.el5.i386
Instalando hdparm-6.6-2.i386
Instalando setserial-2.17-19.2.2.i386
Instalando 3:traceroute-2.0.1-5.el5.i386
Instalando vconfig-1.9-2.1.i386
Instalando libaio-0.3.106-3.2.i386
Instalando finger-0.17-32.2.1.1.i386
Instalando rdate-1.4-8.el5.i386
Instalando symlinks-1.2-24.2.2.i386
Instalando pam_smb-1.1.7-7.2.1.i386
Instalando dos2unix-3.1-27.1.i386
Instalando rsh-0.17-38.el5.i386
Instalando unix2dos-2.2-26.2.2.i386
Instalando tree-1.5.0-4.i386
Instalando pam_passwdqc-1.0.2-1.2.2.i386
Instalando 1:rdist-6.1.5-44.i386
Instalando joystick-1.2.15-20.2.2.i386
Instalando 9:cdda2wav-2.01-10.7.el5.i386
Instalando rusers-0.17-47.i386
Instalando redhat-menus-6.7.8-3.el5.noarch
Instalando redhat-logos-4.9.99-11.el5.centos.noarch
Instalando jpackage-utils-1.7.3-1jpp.2.el5.noarch
Instalando crontabs-1.10-8.noarch
Instalando xorg-x11-filesystem-7.1-2.fc6.noarch
Instalando perl-IO-Zlib-1.04-4.2.1.noarch
Instalando perl-URI-1.35-3.noarch
Instalando perl-Archive-Tar-1.30-1.fc6.noarch
Instalando xml-commons-1.3.02-0.b2.7jpp.10.i386
Instalando libdbi-drivers-0.8.1a-1.2.2.i386
Instalando perl-IO-Socket-INET6-2.51-2.fc6.noarch
Instalando perl-Digest-HMAC-1.01-15.noarch
Instalando perl-Convert-ASN1-0.20-1.1.noarch
Instalando perl-HTML-Tagset-3.10-2.1.1.noarch
Instalando perl-Net-IP-1.25-2.fc6.noarch
Instalando 10:centos-release-5-3.el5.centos.1.i386
Instalando libao-0.8.6-7.i386
Instalando 50:aspell-en-6.0-2.1.i386
Instalando 50:aspell-es-0.50-13.2.2.i386
Instalando bitstream-vera-fonts-1.10-7.noarch
Instalando libX11-1.0.3-9.el5.i386
Instalando libXext-1.0.1-2.1.i386
Instalando libXrender-0.9.1-3.1.i386
Instalando libXt-1.0.2-3.1.fc6.i386
Instalando startup-notification-0.8-4.1.i386
Instalando libXmu-1.0.2-5.i386
Instalando 1:xorg-x11-font-utils-7.1-2.i386
Instalando libXrandr-1.1.1-3.1.i386
Instalando libXi-1.0.1-3.1.i386
Instalando libXtst-1.0.1-3.1.i386
Instalando libXinerama-1.0.1-2.1.i386
Instalando libXfixes-4.0.1-2.1.i386
Instalando libXcursor-1.1.7-1.1.i386
Instalando libXxf86vm-1.0.1-3.1.i386
Instalando libXxf86misc-1.0.1-3.1.i386
Instalando libXScrnSaver-1.1.0-3.1.i386
Instalando libXpm-3.5.5-3.i386
Instalando libXaw-1.0.2-8.1.i386
Instalando libxkbfile-1.0.3-3.1.i386
Instalando libxklavier-3.0-3.el5.i386
Instalando xorg-x11-xkb-utils-1.0.2-2.1.i386
Instalando libXdamage-1.0.3-2.1.i386
Instalando 1:xorg-x11-xauth-1.0.1-2.1.i386
Instalando libdmx-1.0.2-3.1.i386
Instalando libXv-1.0.1-4.1.i386
Instalando perl-HTML-Parser-3.55-1.fc6.i386
Instalando libXTrap-1.0.0-3.1.i386
Instalando libXevie-1.0.1-3.1.i386
Instalando libXres-1.0.1-3.1.i386
Instalando libXfontcache-1.0.2-3.1.i386
Instalando xorg-x11-server-utils-7.1-4.fc6.i386
Instalando libXxf86dga-1.0.1-3.1.i386
Instalando tk-8.4.13-5.el5_1.1.i386
Instalando giflib-4.1.3-7.1.el5.1.i386
Instalando perl-Net-DNS-0.59-3.el5.i386
Instalando 1:xorg-x11-twm-1.0.1-3.1.i386
Instalando netpbm-progs-10.35-6.fc6.i386
Instalando anacron-2.3-45.el5.centos.i386
Instalando grub-0.97-13.2.i386
Instalando perl-libwww-perl-5.805-1.1.1.noarch
Instalando libselinux-1.33.4-5.1.el5.i386
Instalando 2:shadow-utils-4.0.17-14.el5.i386
Instalando device-mapper-1.02.28-2.el5.i386
Instalando e2fsprogs-libs-1.39-20.el5.i386
Instalando 1:findutils-4.2.27-5.el5.i386
Instalando coreutils-5.97-19.el5.i386
Instalando krb5-libs-1.6.1-31.el5.i386
Instalando openssl-0.9.8e-7.el5.i686
Instalando python-2.4.3-24.el5.i386
Instalando fontconfig-2.4.1-7.el5.i386
Instalando cairo-1.2.4-5.el5.i386
Instalando openldap-2.3.43-3.el5.i386
Instalando rhpl-0.194.1-1.i386
Instalando 1:cups-libs-1.3.7-8.el5.i386
Instalando libXft-2.1.10-1.1.i386
Instalando pango-1.14.9-3.el5.centos.i386
Instalando alsa-lib-1.0.17-1.el5.i386
Instalando 1:esound-0.2.36-3.i386
Instalando newt-0.52.2-12.el5.i386
Instalando module-init-tools-3.3-0.pre3.1.42.el5.i386
Instalando mysql-5.0.45-7.el5.i386
Instalando logrotate-3.7.4-9.i386
Instalando mesa-libGL-6.5.1-7.7.el5.i386
Instalando rpm-4.4.2.3-9.el5.i386
Instalando gnome-menus-2.16.0-2.fc6.i386
Instalando curl-7.15.5-2.el5.i386
Instalando pygobject2-2.12.1-5.el5.i386
Instalando libxml2-python-2.6.26-2.1.2.7.i386
Instalando psmisc-22.2-6.i386
Instalando SDL-1.2.10-8.el5.i386
Instalando pyxf86config-0.3.31-2.fc6.i386
Instalando 1:net-snmp-libs-5.3.2.2-5.el5.i386
Instalando apr-1.2.7-11.i386
Instalando kpartx-0.4.7-23.el5.i386
Instalando 1:hpijs-1.6.7-4.1.el5.4.i386
Instalando pwlib-1.10.1-7.0.1.el5.i386
Instalando mesa-libGLU-6.5.1-7.7.el5.i386
Instalando system-config-securitylevel-tui-1.6.29.1-2.1.el5.i386
Instalando pycairo-1.2.0-1.1.i386
Instalando gd-2.0.33-9.4.el5_1.1.i386
Instalando libsemanage-1.9.1-3.el5.i386
Instalando gettext-0.14.6-4.el5.i386
Instalando gamin-python-0.1.7-8.el5.i386
Instalando postgresql-libs-8.1.11-1.el5_1.1.i386
Instalando apr-util-1.2.7-7.el5.i386
Instalando 14:libpcap-0.9.4-14.el5.i386
Instalando 30:bind-libs-9.3.4-10.P1.el5.i386
Instalando libgssapi-0.10-2.i386
Instalando xorg-x11-xinit-1.0.2-15.el5.i386
Instalando e2fsprogs-1.39-20.el5.i386
Instalando libutempter-1.1.4-4.el5.i386
Instalando lockdev-1.0.1-10.i386
Instalando gphoto2-2.2.0-3.el5.i386
Instalando net-tools-1.60-78.el5.i386
Instalando rpm-libs-4.4.2.3-9.el5.i386
Instalando rpm-python-4.4.2.3-9.el5.i386
Instalando 2:tar-1.15.1-23.0.1.el5.i386
Instalando nfs-utils-lib-1.0.8-7.2.z2.i386
Instalando opal-2.2.2-1.1.0.1.i386
Instalando dmraid-1.0.0.rc13-33.el5.i386
Instalando device-mapper-multipath-0.4.7-23.el5.i386
Instalando libxslt-python-1.1.17-2.el5_2.2.i386
Instalando gnupg-1.4.5-14.i386
Instalando php-cli-5.1.6-23.el5.i386
Instalando man-1.6d-1.1.i386
Instalando xorg-x11-utils-7.1-2.fc6.i386
Instalando perl-DBD-MySQL-3.0007-2.el5.i386
Instalando ntsysv-1.3.30.1-2.i386
Instalando newt-perl-1.08-9.2.2.i386
Instalando alsa-utils-1.0.17-1.el5.i386
Instalando sox-12.18.1-1.i386
Instalando paps-0.6.6-18.el5.i386
Instalando 1:qt-3.3.6-23.el5.i386
Instalando python-ldap-2.2.0-2.1.i386
Instalando m2crypto-0.16-6.el5.3.i386
Instalando libselinux-python-1.33.4-5.1.el5.i386
Instalando audit-libs-python-1.7.7-6.el5.i386
Instalando mx-2.0.6-2.2.2.i386
Instalando alchemist-1.0.36-2.el5.i386
Instalando python-elementtree-1.2.6-5.i386
Instalando python-sqlite-1.1.7-1.2.1.i386
Instalando yum-metadata-parser-1.1.2-2.el5.i386
Instalando python-numeric-23.7-2.2.2.i386
Instalando cracklib-2.8.9-3.3.i386
Instalando pam-0.99.6.2-4.el5.i386
Instalando udev-095-14.19.el5.i386
Instalando util-linux-2.13-0.50.el5.i386
Instalando libuser-0.54.7-2.el5.5.i386
Instalando samba-common-3.0.33-3.7.el5.i386
Instalando which-2.16-7.i386
Instalando gstreamer-0.10.20-3.el5.i386
Instalando ppp-2.4.4-2.el5.i386
Instalando SysVinit-2.86-15.el5.i386
Instalando initscripts-8.45.25-1.el5.centos.i386
Instalando httpd-2.2.3-22.el5.centos.i386
Instalando openssh-4.3p2-29.el5.i386
Instalando portmap-4.0-65.2.2.1.i386
Instalando passwd-0.73-1.i386
Instalando usermode-1.88-3.el5.2.i386
Instalando authconfig-5.3.21-5.el5.i386
Instalando kbd-1.12-21.el5.i386
Instalando 1:nfs-utils-1.0.9-40.el5.i386
Instalando 3:ypbind-1.19-11.el5.i386
Instalando sysklogd-1.4.1-44.el5.i386
Instalando 4:vixie-cron-4.1-76.el5.i386
Instalando 12:dhclient-3.0.5-18.el5.i386
Instalando samba-3.0.33-3.7.el5.i386
Instalando cyrus-sasl-2.1.22-4.i386
Instalando sendmail-8.13.8-2.el5.i386
Instalando dnsmasq-2.45-1.el5_2.1.i386
Instalando mcstrans-0.2.11-3.el5.i386
Instalando foomatic-3.0.2-38.1.el5.i386
Instalando at-3.1.8-82.fc6.i386
Instalando PyXML-0.8.4-4.i386
Instalando system-config-printer-libs-0.7.32.10-1.el5.i386
Instalando sip-4.4.5-3.i386
Instalando PyQt-3.16-4.i386
Instalando pyorbit-2.14.1-1.1.i386
Instalando distcache-1.4.5-14.1.i386
Instalando neon-0.25.5-10.el5.i386
Instalando libwvstreams-4.2.2-2.1.i386
Instalando fipscheck-1.0.3-1.el5.i386
Instalando perl-Net-SSLeay-1.30-4.fc6.i386
Instalando tcsh-6.14-14.el5.i386
Instalando mtools-3.9.10-2.fc6.i386
Instalando nscd-2.5-34.i386
Instalando audit-1.7.7-6.el5.i386
Instalando 5:guile-1.8.0-8.20060831cvs.i386
Instalando cryptsetup-luks-1.0.3-4.el5.i386
Instalando device-mapper-event-1.02.28-2.el5.i386
Instalando lvm2-2.02.40-6.el5.i386
Instalando mkinitrd-5.1.19.6-44.i386
Instalando 2:vim-minimal-7.0.109-4.el5_2.4z.i386
Instalando libselinux-utils-1.33.4-5.1.el5.i386
Instalando policycoreutils-1.33.12-14.2.el5.i386
Instalando MAKEDEV-3.23-1.2.i386
Instalando setools-3.0-3.el5.i386
Instalando sudo-1.6.9p17-3.el5.i386
Instalando amtu-1.0.6-1.el5.i386
Instalando nss_ldap-253-17.el5.i386
Instalando wvdial-1.54.0-5.2.2.1.i386
Instalando cadaver-0.22.3-4.el5.i386
Instalando 1:mod_ssl-2.2.3-22.el5.centos.i386
Instalando hplip-1.6.7-4.1.el5.4.i386
Instalando fetchmail-6.3.6-1.1.el5.i386
Instalando mdadm-2.6.4-1.el5.i386
Instalando yp-tools-2.9-0.1.i386
Instalando setuptool-1.19.2-1.el5.centos.i386
Instalando openssh-clients-4.3p2-29.el5.i386
Instalando openssh-server-4.3p2-29.el5.i386
Instalando mod_python-3.2.8-3.1.i386
Instalando webalizer-2.01_10-30.1.i386
Instalando mod_perl-2.0.4-6.el5.i386
Instalando php-5.1.6-23.el5.i386
Instalando dhcpv6-client-1.0.10-16.el5.i386
Instalando 1:quota-3.13-1.2.5.el5.i386
Instalando acpid-1.0.4-7.el5.i386
Instalando 2:irqbalance-0.55-10.el5.i386
Instalando 1:microcode_ctl-1.17-1.47.el5.i386
Instalando ipsec-tools-0.6.5-13.el5.i386
Instalando rp-pppoe-3.5-32.1.i386
Instalando 1:rng-utils-2.0-1.14.1.fc6.i386
Instalando 1:smartmontools-5.38-2.el5.i386
Instalando vsftpd-2.0.5-12.el5.i386
Instalando dovecot-1.0.7-7.el5.i386
Instalando samba-client-3.0.33-3.7.el5.i386
Instalando prelink-0.4.0-2.el5.i386
Instalando krb5-workstation-1.6.1-31.el5.i386
Instalando wdaemon-0.14-2.i386
Instalando ecryptfs-utils-56-8.el5.i386
Instalando pam_pkcs11-0.5.3-23.i386
Instalando pam_ccreds-3-5.i386
Instalando pam_krb5-2.2.14-10.i386
Instalando 7:squid-2.6.STABLE21-3.el5.i386
Instalando inn-2.4.3-8.el5.i386
Instalando MySQL-python-1.2.1-1.i386
Instalando crypto-utils-2.3-2.el5.i386
Instalando mysql-server-5.0.45-7.el5.i386
Instalando minicom-2.1-3.i386
Instalando xterm-215-8.el5.i386
Instalando 30:bind-utils-9.3.4-10.P1.el5.i386
Instalando glx-utils-6.5.1-7.7.el5.i386
Instalando tmpwatch-2.9.7-1.1.el5.2.i386
Instalando 1:vorbis-tools-1.1.1-3.el5.i386
Instalando conman-0.1.9.2-8.el5.i386
Instalando mysql-connector-odbc-3.51.12-2.2.i386
Instalando libdbi-dbd-mysql-0.8.1a-1.2.2.i386
Instalando irda-utils-0.9.17-2.fc6.i386
Instalando xorg-x11-apps-7.1-4.0.1.el5.i386
Instalando 1:autofs-5.0.1-0.rc2.102.i386
Instalando php-ldap-5.1.6-23.el5.i386
Instalando slrn-0.9.8.1pl1-1.2.2.i386
Instalando elinks-0.11.1-5.1.0.1.el5.i386
Instalando lftp-3.5.1-2.fc6.i386
Instalando stunnel-4.15-2.el5.1.i386
Instalando wget-1.10.2-7.el5.i386
Instalando 14:tcpdump-3.9.4-14.el5.i386
Instalando pkinit-nss-0.7.6-1.el5.i386
Instalando psacct-6.3.2-44.el5.i386
Instalando 1:readahead-1.3-7.el5.i386
Instalando ksh-20080202-2.el5.i386
Instalando a2ps-4.13b-57.2.el5.i386
Instalando tux-3.2.18-9.fc6.i386
Instalando parted-1.8.1-23.el5.i386
Instalando mlocate-0.15-1.el5.1.i386
Instalando 2:vim-enhanced-7.0.109-4.el5_2.4z.i386
Instalando lsof-4.78-3.i386
Instalando nss_db-2.2-35.3.i386
Instalando hicolor-icon-theme-0.9-2.1.noarch
Instalando htmlview-4.0.0-2.el5.noarch
Instalando hwdata-0.213.11-1.el5.noarch
Instalando sgml-common-0.6.3-18.noarch
Instalando selinux-policy-2.4.6-203.el5.noarch
Instalando kernel-2.6.18-128.el5.i686
Instalando ghostscript-fonts-5.50-13.1.1.noarch
Instalando python-iniparse-0.2.3-4.el5.noarch
Instalando syslinux-3.11-4.i386
Instalando perl-IO-Socket-SSL-1.01-1.fc6.noarch
Instalando launchmail-4.0.0-2.el5.noarch
Instalando python-urlgrabber-3.1.0-5.el5.noarch
Instalando gnome-doc-utils-0.8.0-2.fc6.noarch
Instalando bitmap-fonts-0.3-5.1.1.noarch
Instalando liberation-fonts-1.0-1.el5.noarch
Instalando ntp-4.2.2p1-9.el5.centos.i386
Instalando xml-common-0.6.3-18.noarch
Instalando mkbootdisk-1.5.3-2.1.i386
Instalando selinux-policy-targeted-2.4.6-203.el5.noarch
Instalando Deployment_Guide-es-ES-5.2-11.el5.centos.noarch
Instalando sendmail-cf-8.13.8-2.el5.i386
Instalando httpd-manual-2.2.3-22.el5.centos.i386
Instalando 2:xinetd-2.3.14-10.el5.i386
Instalando sos-1.7-9.16.el5.noarch
Instalando dejavu-lgc-fonts-2.10-1.noarch
Instalando logwatch-7.3-6.el5.noarch
Instalando gtk2-2.10.4-20.el5.i386
Instalando GConf2-2.14.0-9.el5.i386
Instalando gnome-keyring-0.6.0-1.fc6.i386
Instalando libglade2-2.6.0-2.i386
Instalando libgnomecanvas-2.14.0-4.1.i386
Instalando pygtk2-2.10.1-12.el5.i386
Instalando libgcj-4.1.2-44.el5.i386
Instalando pygtk2-libglade-2.10.1-12.el5.i386
Instalando gail-1.9.2-1.fc6.i386
Instalando libwnck-2.16.0-4.fc6.i386
Instalando at-spi-1.7.11-3.el5.i386
Instalando 2:gimp-libs-2.2.13-2.0.7.el5.i386
Instalando usermode-gtk-1.88-3.el5.2.i386
Instalando gtk2-engines-2.8.0-3.el5.i386
Instalando redhat-artwork-5.1.0-28.el5.centos.i386
Instalando metacity-2.16.0-12.el5.i386
Instalando vte-0.14.0-2.el5.i386
Instalando libwmf-0.2.8.4-10.1.i386
Instalando pciutils-2.2.3-5.i386
Instalando gnome-mag-0.13.1-1.fc6.i386
Instalando 1:xsri-2.1.0-10.fc6.i386
Instalando poppler-0.5.4-4.4.el5_1.i386
Instalando libgpod-0.4.0-1.el5.i386
Instalando opensp-1.5.2-4.i386
Instalando openjade-1.3.2-27.i386
Instalando rhgb-0.16.4-8.el5.centos.3.i386
Instalando 1:java-1.6.0-openjdk-1.6.0.0-0.25.b09.el5.i386
Instalando openssh-askpass-4.3p2-29.el5.i386
Instalando spamassassin-3.2.5-1.el5.i386
Instalando pcmciautils-014-5.i386
Instalando isdn4k-utils-3.2-51.el5.i386
Instalando usbutils-0.71-2.1.i386
Instalando pinfo-0.6.9-1.fc6.i386
Instalando gnome-icon-theme-2.16.0.1-4.el5.noarch
Instalando gnome-themes-2.16.0-1.fc6.noarch
Instalando docbook-dtds-1.0-30.1.noarch
Instalando authconfig-gtk-5.3.21-5.el5.i386
Instalando system-config-users-1.2.51-4.el5.noarch
Instalando system-config-securitylevel-1.6.29.1-2.1.el5.i386
Instalando system-config-language-1.1.18-2.el5.noarch
Instalando system-config-services-0.9.4-1.el5.noarch
Instalando system-config-printer-0.7.32.10-1.el5.i386
Instalando system-config-samba-1.2.41-3.el5.noarch
Instalando system-config-nfs-1.3.23-1.el5.noarch
Instalando scrollkeeper-0.3.14-9.el5.i386
Instalando zenity-2.16.0-2.el5.i386
Instalando gnome-user-docs-2.16.0-2.fc6.noarch
Instalando java-1.4.2-gcj-compat-1.4.2.0-40jpp.115.i386
Instalando yum-3.2.19-18.el5.centos.noarch
Instalando dbus-libs-1.1.2-12.el5.i386
Instalando dbus-glib-0.73-8.el5.i386
Instalando dbus-1.1.2-12.el5.i386
Instalando hal-0.5.8.1-38.el5.i386
Instalando chkfontpath-1.10.1-1.1.i386
Instalando kudzu-1.2.57.1.21-1.el5.centos.i386
Instalando 1:NetworkManager-glib-0.7.0-3.el5.i386
Instalando dbus-python-0.70-7.el5.i386
Instalando avahi-0.6.16-1.el5.i386
Instalando avahi-glib-0.6.16-1.el5.i386
Instalando sane-backends-libs-1.0.18-5.el5.i386
Instalando pcsc-lite-1.4.4-0.1.el5.i386
Instalando tomcat5-servlet-2.4-api-5.5.23-0jpp.7.el5_2.1.i386
Instalando ifd-egate-0.05-15.i386
Instalando dbus-x11-1.1.2-12.el5.i386
Instalando notification-daemon-0.3.5-9.el5.i386
Instalando libnotify-0.4.2-6.el5.i386
Instalando xalan-j2-2.7.0-6jpp.1.i386
Instalando xml-commons-apis-1.3.02-0.b2.7jpp.10.i386
Instalando xorg-x11-drv-void-1.1.0-3.1.i386
Instalando pm-utils-0.99.3-10.el5.centos.i386
Instalando xml-commons-resolver-1.1-1jpp.12.i386
Instalando xerces-j2-2.7.1-7jpp.2.i386
Instalando bluez-gnome-0.5-5.fc6.i386
Instalando notify-python-0.1.0-3.fc6.i386
Instalando 1:hsqldb-1.8.0.9-1jpp.2.i386
Instalando tomcat5-jsp-2.0-api-5.5.23-0jpp.7.el5_2.1.i386
Instalando bsf-2.3.0-11jpp.1.i386
Instalando bsh-1.3.0-9jpp.1.i386
Instalando ccid-1.3.8-1.el5.i386
Instalando coolkey-1.1.0-6.el5.i386
Instalando avahi-compat-libdns_sd-0.6.16-1.el5.i386
Instalando 1:cups-1.3.7-8.el5.i386
Instalando libgnomecups-0.2.2-8.i386
Instalando hal-cups-utils-0.6.2-5.2.el5.i386
Instalando oddjob-0.27-9.el5.i386
Instalando 30:bind-9.3.4-10.P1.el5.i386
Instalando 1:wpa_supplicant-0.5.10-8.el5.i386
Instalando 1:NetworkManager-0.7.0-3.el5.i386
Instalando oddjob-libs-0.27-9.el5.i386
Instalando gjdoc-0.7.7-12.el5.i386
Instalando antlr-2.7.6-4jpp.2.i386
Instalando 1:xorg-x11-xfs-1.0.2-4.i386
Instalando xorg-x11-fonts-base-7.1-2.1.el5.noarch
Instalando system-config-network-tui-1.3.99.12-1.el5.noarch
Instalando urw-fonts-2.3-6.1.1.noarch
Instalando firstboot-tui-1.4.27.7-1.el5.centos.i386
Instalando system-config-soundcard-2.0.6-1.el5.noarch
Instalando xorg-x11-fonts-Type1-7.1-2.1.el5.noarch
Instalando yum-fastestmirror-1.1.16-13.el5.centos.noarch
Instalando 30:bind-chroot-9.3.4-10.P1.el5.i386
Instalando redhat-lsb-3.1-12.3.EL.el5.centos.i386
Instalando 1:yum-updatesd-0.9-2.el5.noarch
Instalando xorg-x11-fonts-misc-7.1-2.1.el5.noarch
Instalando xorg-x11-fonts-ISO8859-1-75dpi-7.1-2.1.el5.noarch
Instalando xorg-x11-fonts-100dpi-7.1-2.1.el5.noarch
Instalando xorg-x11-fonts-75dpi-7.1-2.1.el5.noarch
Instalando xorg-x11-fonts-ISO8859-1-100dpi-7.1-2.1.el5.noarch
Instalando xorg-x11-fonts-truetype-7.1-2.1.el5.noarch
Instalando ghostscript-8.15.2-9.4.el5.i386
Instalando libgnomeprint22-2.12.1-10.el5.i386
Instalando libgnomeprintui22-2.12.1-6.i386
Instalando gimp-print-4.2.7-22.2.el5.i386
Instalando gtksourceview-1.8.0-1.fc6.i386
Instalando xorg-x11-server-Xnest-1.1.1-48.52.el5.i386
Instalando gimp-print-utils-4.2.7-22.2.el5.i386
Instalando vnc-server-4.1.2-14.el5.i386
Instalando 1:NetworkManager-gnome-0.7.0-3.el5.i386
Instalando bluez-utils-3.7-2.2.el5.centos.i386
Instalando 1:apmd-3.2.2-5.i386
Instalando xsane-0.991-5.el5.i386
Instalando gnome-user-share-0.10-6.el5.i386
Instalando sabayon-apply-2.12.4-6.el5.i386
Instalando gnome-vfs2-2.16.2-4.el5.i386
Instalando libgnome-2.16.0-6.el5.i386
Instalando libbonoboui-2.16.0-1.fc6.i386
Instalando libgnomeui-2.16.0-5.el5.i386
Instalando gnome-desktop-2.16.0-1.el5.centos.1.i386
Instalando evolution-data-server-1.12.3-6.el5_2.3.i386
Instalando nautilus-extensions-2.16.2-7.el5.i386
Instalando gnome-panel-2.16.1-7.el5.i386
Instalando gstreamer-plugins-base-0.10.20-3.el5.i386
Instalando 1:openoffice.org-core-2.3.0-6.10.el5.i386
Instalando xulrunner-1.9.0.5-1.el5.i386
Instalando gnome-mount-0.5-3.el5.i386
Instalando sane-backends-1.0.18-5.el5.i386
Instalando gstreamer-plugins-good-0.10.9-1.el5.i386
Instalando gucharmap-1.8.0-1.fc6.i386
Instalando libgsf-1.14.1-6.1.i386
Instalando librsvg2-2.16.1-1.el5.i386
Instalando eel2-2.16.1-1.el5.i386
Instalando nautilus-cd-burner-2.16.0-7.el5.i386
Instalando gnome-media-2.16.1-3.el5.i386
Instalando 1:xorg-x11-drv-evdev-1.0.0.5-3.el5.i386
Instalando libwpd-0.8.7-3.el5.i386
Instalando yelp-2.16.0-22.el5.i386
Instalando gnome-netstatus-2.12.0-5.el5.i386
Instalando gnome-pilot-2.0.13-16.i386
Instalando libgail-gnome-1.1.3-1.2.1.i386
Instalando 1:control-center-2.16.0-16.el5.i386
Instalando gtkhtml3-3.16.3-1.el5.i386
Instalando gnome-spell-1.0.7-3.1.i386
Instalando evolution-2.12.3-8.el5_2.3.i386
Instalando gcalctool-5.8.25-1.el5.i386
Instalando gthumb-2.7.8-8.el5.i386
Instalando gnome-volume-manager-2.15.0-5.el5.i386
Instalando gnome-vfs2-smb-2.16.2-4.el5.i386
Instalando gtkhtml2-2.11.0-3.i386
Instalando 2:gimp-2.2.13-2.0.7.el5.i386
Instalando libsane-hpaio-1.6.7-4.1.el5.4.i386
Instalando xsane-gimp-0.991-5.el5.i386
Instalando gimp-print-plugin-4.2.7-22.2.el5.i386
Instalando nautilus-2.16.2-7.el5.i386
Instalando gnome-session-2.16.0-6.el5.centos.i386
Instalando 1:gnome-utils-2.16.0-5.el5.i386
Instalando evolution-connector-2.12.3-4.el5_2.1.i386
Instalando orca-1.0.0-5.el5.i386
Instalando 1:openoffice.org-writer-2.3.0-6.10.el5.i386
Instalando sound-juicer-2.16.0-3.el5.i386
Instalando rhythmbox-0.11.6-4.el5.i386
Instalando ImageMagick-6.2.8.0-4.el5_1.1.i386
Instalando 1:gnome-games-2.16.0-2.el5.i386
Instalando 1:gdm-2.16.0-47.el5.centos.i386
Instalando totem-2.16.7-4.el5.i386
Instalando sane-frontends-1.0.14-1.2.2.i386
Instalando nspluginwrapper-0.9.91.5-22.el5.i386
Instalando 1:openoffice.org-impress-2.3.0-6.10.el5.i386
Instalando 1:openoffice.org-math-2.3.0-6.10.el5.i386
Instalando 1:openoffice.org-calc-2.3.0-6.10.el5.i386
Instalando 1:openoffice.org-graphicfilter-2.3.0-6.10.el5.i386
Instalando 1:openoffice.org-draw-2.3.0-6.10.el5.i386
Instalando evince-0.6.0-8.el5.i386
Instalando nautilus-open-terminal-0.6-6.el5.i386
Instalando file-roller-2.16.0-2.fc6.i386
Instalando nautilus-sendto-0.7-6.el5.centos.i386
Instalando evolution-webcal-2.7.1-6.i386
Instalando ekiga-2.0.2-7.0.2.i386
Instalando eog-2.16.0.1-6.el5.i386
Instalando planner-0.14.1-4.el5.i386
Instalando krb5-auth-dialog-0.7-1.i386
Instalando gnome-terminal-2.16.0-5.3.el5.i386
Instalando vino-2.13.5-6.el5.i386
Instalando gnome-power-manager-2.16.0-10.el5.i386
Instalando gnome-system-monitor-2.16.0-3.el5.i386
Instalando gok-1.2.0-2.el5.i386
Instalando desktop-printing-0.19-20.2.el5.i386
Instalando im-chooser-0.3.3-6.el5.i386
Instalando gnome-screensaver-2.16.1-8.el5.i386
Instalando firefox-3.0.5-1.el5.centos.i386
Instalando gimp-help-2-0.1.0.10.1.1.noarch
Instalando gimp-data-extras-2.0.1-1.1.1.noarch
Instalando esc-1.0.0-39.el5.i386
Instalando 1:openoffice.org-xsltfilter-2.3.0-6.10.el5.i386
Instalando 1:openoffice.org-langpack-es-2.3.0-6.10.el5.i386
Instalando 5:mutt-1.4.2.2-3.0.2.el5.i386
Instalando gnome-python2-2.16.0-1.fc6.i386
Instalando gnome-python2-canvas-2.16.0-1.fc6.i386
Instalando gnome-python2-gconf-2.16.0-1.fc6.i386
Instalando xorg-x11-drv-keyboard-1.1.0-3.i386
Instalando gnome-python2-gnomevfs-2.16.0-1.fc6.i386
Instalando gnome-python2-desktop-2.16.0-2.el5.i386
Instalando system-config-date-1.8.12-3.el5.centos.2.noarch
Instalando system-config-network-1.3.99.12-1.el5.noarch
Instalando gnome-python2-extras-2.14.2-6.el5.i386
Instalando gnome-python2-libegg-2.14.2-6.el5.i386
Instalando gnome-python2-applet-2.16.0-2.el5.i386
Instalando gnome-python2-gnomeprint-2.16.0-2.el5.i386
Instalando gnome-python2-gtksourceview-2.16.0-2.el5.i386
Instalando 1:gedit-2.16.0-9.el5.i386
Instalando 1:gnome-applets-2.16.0.1-19.el5.i386
Instalando hal-gnome-0.5.8.1-38.el5.i386
Instalando gnome-python2-bonobo-2.16.0-1.fc6.i386
Instalando pirut-1.3.28-13.el5.centos.noarch
Instalando alacarte-0.10.0-1.fc6.noarch
Instalando 5:system-config-httpd-1.3.3.3-1.el5.noarch
Instalando xorg-x11-drv-mouse-1.1.1-1.1.i386
Instalando xorg-x11-server-Xorg-1.1.1-48.52.el5.i386
Instalando rhpxl-0.41.1-7.el5.i386
Instalando xorg-x11-drv-vesa-1.3.0-8.1.el5.i386
Instalando xorg-x11-drv-neomagic-1.1.1-2.1.i386
Instalando xorg-x11-drv-penmount-1.1.0-2.1.i386
Instalando xorg-x11-drv-hyperpen-1.1.0-2.i386
Instalando xorg-x11-drv-elographics-1.1.0-1.1.i386
Instalando xorg-x11-drv-digitaledge-1.1.0-1.1.i386
Instalando xorg-x11-drv-dmc-1.1.0-2.i386
Instalando xorg-x11-drv-ark-0.6.0-2.1.i386
Instalando xorg-x11-drv-rendition-4.1.0-3.1.i386
Instalando xorg-x11-drv-vmware-10.13.0-2.1.i386
Instalando xorg-x11-drv-voodoo-1.1.0-3.1.i386
Instalando xorg-x11-drv-palmax-1.1.0-1.1.i386
Instalando xorg-x11-drv-joystick-1.1.0-1.1.i386
Instalando xorg-x11-drv-ati-6.6.3-3.22.el5.i386
Instalando xorg-x11-drv-i810-1.6.5-9.21.el5.i386
Instalando xorg-x11-drv-ast-0.81.0-3.i386
Instalando xorg-x11-drv-i128-1.2.0-4.i386
Instalando xorg-x11-drv-nsc-2.8.1-2.1.i386
Instalando xorg-x11-drv-magellan-1.1.0-1.1.i386
Instalando xorg-x11-drv-fbdev-0.3.0-2.i386
Instalando xorg-x11-drv-aiptek-1.0.1-2.i386
Instalando xorg-x11-drv-trident-1.2.1-3.fc6.i386
Instalando xorg-x11-drv-chips-1.1.1-2.1.i386
Instalando xorg-x11-drv-fpit-1.1.0-1.1.i386
Instalando xorg-x11-drv-tseng-1.1.0-3.1.i386
Instalando xorg-x11-drv-vmmouse-12.4.0-2.1.i386
Instalando xorg-x11-drv-tek4957-1.1.0-1.1.i386
Instalando xorg-x11-drv-microtouch-1.1.0-1.1.i386
Instalando xorg-x11-drv-s3virge-1.9.1-2.1.i386
Instalando xorg-x11-drv-calcomp-1.1.0-1.1.i386
Instalando xorg-x11-drv-jamstudio-1.1.0-1.1.i386
Instalando xorg-x11-drv-savage-2.1.1-5.fc6.i386
Instalando xorg-x11-drv-s3-0.4.1-2.1.i386
Instalando xorg-x11-drv-mga-1.4.2-10.el5.i386
Instalando xorg-x11-drv-ur98-1.1.0-1.1.i386
Instalando xorg-x11-drv-citron-2.2.0-1.1.i386
Instalando xorg-x11-drv-acecad-1.1.0-2.1.i386
Instalando xorg-x11-drv-spaceorb-1.1.0-1.1.i386
Instalando xorg-x11-drv-cirrus-1.1.0-2.fc6.i386
Instalando xorg-x11-drv-sis-0.9.1-7.1.el5.i386
Instalando xorg-x11-drv-tdfx-1.2.1-3.1.i386
Instalando xorg-x11-drv-elo2300-1.1.0-1.1.i386
Instalando xorg-x11-drv-via-0.2.1-9.i386
Instalando xorg-x11-drv-siliconmotion-1.4.1-2.1.i386
Instalando xorg-x11-drv-sisusb-0.8.1-4.1.i386
Instalando xorg-x11-drv-apm-1.1.1-2.1.i386
Instalando xorg-x11-drv-vga-4.1.0-2.1.i386
Instalando xorg-x11-drv-i740-1.1.0-2.1.i386
Instalando xorg-x11-drv-dynapro-1.1.0-2.i386
Instalando xorg-x11-drv-dummy-0.2.0-2.1.i386
Instalando xorg-x11-drv-nv-2.1.12-3.el5.i386
Instalando xorg-x11-drv-magictouch-1.0.0.5-2.1.i386
Instalando xorg-x11-drv-cyrix-1.1.0-4.i386
Instalando xorg-x11-drv-v4l-0.1.1-4.i386
Instalando xorg-x11-drv-glint-1.1.1-4.1.i386
Instalando xorg-x11-drv-summa-1.1.0-1.1.i386
Instalando xorg-x11-drv-mutouch-1.1.0-3.i386
Instalando synaptics-0.14.4-8.fc6.i386
Instalando linuxwacom-0.7.8.3-5.el5.i386
Instalando system-config-display-1.0.48-2.el5.noarch
Instalando xorg-x11-drivers-7.1-4.1.el5.i386
Instalando system-config-keyboard-1.2.11-1.el5.noarch
Instalando firstboot-1.4.27.7-1.el5.centos.i386
Instalando 30:bind-chroot-9.3.4-10.P1.el5.i386
